2026-02-17 18:18:42,054 - models.inference - INFO - Loading model from /home/ivainx/Documentos/Shadownet_Defender/models/best_model.onnx...
2026-02-17 18:18:42,303 - models.inference - INFO - Loading scaler from /home/ivainx/Documentos/Shadownet_Defender/models/scaler.pkl...
2026-02-17 18:18:44,005 - models.inference - INFO - Model and scaler loaded successfully.
2026-02-17 18:18:44,007 - core.engine - INFO - Scanning file: samples/procexp64.exe
2026-02-17 18:18:46,324 - models.inference - ERROR - Inference error: X has 2351 features, but StandardScaler is expecting 2381 features as input.
2026-02-17 18:18:46,327 - core.engine - ERROR - Scan failed for samples/procexp64.exe: X has 2351 features, but StandardScaler is expecting 2381 features as input.
2026-02-17 18:18:46,330 - core.engine - INFO - Scan finished: Unknown (Score: -1.0)
2026-02-17 18:19:27,802 - models.inference - INFO - Loading model from /home/ivainx/Documentos/Shadownet_Defender/models/best_model.onnx...
2026-02-17 18:19:27,828 - models.inference - INFO - Loading scaler from /home/ivainx/Documentos/Shadownet_Defender/models/scaler.pkl...
2026-02-17 18:19:29,112 - models.inference - INFO - Model and scaler loaded successfully.
2026-02-17 18:19:29,114 - core.engine - INFO - Scanning file: samples/procexp64.exe
2026-02-17 18:19:31,439 - models.inference - ERROR - Inference error: only 0-dimensional arrays can be converted to Python scalars
2026-02-17 18:19:31,442 - core.engine - ERROR - Scan failed for samples/procexp64.exe: only 0-dimensional arrays can be converted to Python scalars
2026-02-17 18:19:31,445 - core.engine - INFO - Scan finished: Unknown (Score: -1.0)
2026-02-17 18:20:02,048 - models.inference - INFO - Loading model from /home/ivainx/Documentos/Shadownet_Defender/models/best_model.onnx...
2026-02-17 18:20:02,058 - models.inference - INFO - Loading scaler from /home/ivainx/Documentos/Shadownet_Defender/models/scaler.pkl...
2026-02-17 18:20:02,501 - models.inference - INFO - Model and scaler loaded successfully.
2026-02-17 18:20:02,502 - core.engine - INFO - Scanning file: samples/procexp64.exe
2026-02-17 18:20:03,257 - core.engine - INFO - Scan finished: BENIGN (Score: 0.0)
2026-02-18 12:41:18,375 - models.inference - INFO - Loading model from /home/wachiturro/Música/Shadownet_Defender_Extractor_V2/models/best_model.onnx...
2026-02-18 12:41:18,397 - models.inference - INFO - Loading scaler from /home/wachiturro/Música/Shadownet_Defender_Extractor_V2/models/scaler.pkl...
2026-02-18 12:41:19,053 - models.inference - INFO - Model and scaler loaded successfully.
2026-02-18 12:41:19,054 - core.engine - INFO - Scanning file: samples/procexp64.exe
2026-02-18 12:41:20,578 - core.engine - INFO - Scan finished: BENIGN (Score: 0.0)
2026-02-18 12:48:21,211 - models.inference - INFO - Loading model from /home/wachiturro/Música/Shadownet_Defender_Extractor_V2/models/best_model.onnx...
2026-02-18 12:48:21,228 - models.inference - INFO - Loading scaler from /home/wachiturro/Música/Shadownet_Defender_Extractor_V2/models/scaler.pkl...
2026-02-18 12:48:21,946 - models.inference - INFO - Model and scaler loaded successfully.
2026-02-18 12:48:35,613 - models.inference - INFO - Loading model from /home/wachiturro/Música/Shadownet_Defender_Extractor_V2/models/best_model.onnx...
2026-02-18 12:48:35,635 - models.inference - INFO - Loading scaler from /home/wachiturro/Música/Shadownet_Defender_Extractor_V2/models/scaler.pkl...
2026-02-18 12:48:36,217 - models.inference - INFO - Model and scaler loaded successfully.
2026-02-18 12:48:36,219 - core.engine - INFO - Scanning file: samples/procexp64.exe
2026-02-18 12:48:37,890 - core.engine - INFO - Scan finished: BENIGN (Score: 0.0)
2026-02-18 13:03:47,507 - models.inference - INFO - Loading model from /home/wachiturro/Música/Shadownet_Defender_Extractor_V2/models/best_model.onnx...
2026-02-18 13:03:47,551 - models.inference - INFO - Loading scaler from /home/wachiturro/Música/Shadownet_Defender_Extractor_V2/models/scaler.pkl...
2026-02-18 13:03:48,915 - models.inference - INFO - Model and scaler loaded successfully.
2026-02-18 13:17:29,075 - models.inference - INFO - Loading model from /home/wachiturro/Música/Shadownet_Defender_Extractor_V2/models/best_model.onnx...
2026-02-18 13:17:29,113 - models.inference - INFO - Loading scaler from /home/wachiturro/Música/Shadownet_Defender_Extractor_V2/models/scaler.pkl...
2026-02-18 13:17:29,954 - models.inference - INFO - Model and scaler loaded successfully.
2026-02-18 13:17:29,956 - core.engine - INFO - Scanning file: samples/procexp64.exe
2026-02-18 13:17:31,611 - core.engine - INFO - Scan finished: BENIGN (Score: 0.0)
2026-02-18 14:12:51,760 - models.inference - INFO - Loading model from /home/wachiturro/Música/Shadownet_Defender_Extractor_V2/models/best_model.onnx...
2026-02-18 14:12:51,785 - models.inference - INFO - Loading scaler from /home/wachiturro/Música/Shadownet_Defender_Extractor_V2/models/scaler.pkl...
2026-02-18 14:12:52,616 - models.inference - INFO - Model and scaler loaded successfully.
2026-02-18 14:12:52,618 - core.engine - INFO - Scanning file: samples/procexp64.exe
2026-02-18 14:12:54,122 - core.engine - INFO - Scan finished: BENIGN (Score: 0.0)
2026-02-18 14:22:29,897 - models.inference - INFO - Loading model from /home/wachiturro/Música/Shadownet_Defender_Extractor_V2/models/best_model.onnx...
2026-02-18 14:22:29,910 - models.inference - INFO - Loading scaler from /home/wachiturro/Música/Shadownet_Defender_Extractor_V2/models/scaler.pkl...
2026-02-18 14:22:30,347 - models.inference - INFO - Model and scaler loaded successfully.
2026-02-18 14:52:22,770 - models.inference - INFO - Loading model from /home/wachiturro/Música/Shadownet_Defender_Extractor_V2/models/best_model.onnx...
2026-02-18 14:52:22,793 - models.inference - INFO - Loading scaler from /home/wachiturro/Música/Shadownet_Defender_Extractor_V2/models/scaler.pkl...
2026-02-18 14:52:23,276 - models.inference - INFO - Model and scaler loaded successfully.
2026-02-18 14:52:23,278 - core.engine - INFO - Scanning file: samples/procexp64.exe
2026-02-18 14:52:23,312 - models.inference - INFO - Loading model from /home/wachiturro/Música/Shadownet_Defender_Extractor_V2/models/best_model.onnx...
2026-02-18 14:52:23,326 - models.inference - INFO - Loading scaler from /home/wachiturro/Música/Shadownet_Defender_Extractor_V2/models/scaler.pkl...
2026-02-18 14:52:23,749 - models.inference - INFO - Model and scaler loaded successfully.
2026-02-18 14:52:24,960 - core.engine - INFO - Scan finished: BENIGN (Score: 0.0)
2026-02-18 16:23:50,342 - models.inference - INFO - Loading model from /home/wachiturro/Música/Shadownet_Defender_Extractor_V2/models/best_model.onnx...
2026-02-18 16:23:50,378 - models.inference - INFO - Loading scaler from /home/wachiturro/Música/Shadownet_Defender_Extractor_V2/models/scaler.pkl...
2026-02-18 16:23:50,824 - models.inference - INFO - Model and scaler loaded successfully.
2026-02-18 16:23:50,826 - core.engine - INFO - Scanning file: samples/procexp64.exe
2026-02-18 16:23:50,840 - models.inference - INFO - Loading model from /home/wachiturro/Música/Shadownet_Defender_Extractor_V2/models/best_model.onnx...
2026-02-18 16:23:50,852 - models.inference - INFO - Loading scaler from /home/wachiturro/Música/Shadownet_Defender_Extractor_V2/models/scaler.pkl...
2026-02-18 16:23:51,296 - models.inference - INFO - Model and scaler loaded successfully.
2026-02-18 16:23:52,602 - core.engine - INFO - Scan finished: BENIGN (Score: 0.0)
2026-02-18 16:26:35,282 - models.inference - INFO - Loading model from /home/wachiturro/Música/Shadownet_Defender_Extractor_V2/models/best_model.onnx...
2026-02-18 16:26:35,294 - models.inference - INFO - Loading scaler from /home/wachiturro/Música/Shadownet_Defender_Extractor_V2/models/scaler.pkl...
2026-02-18 16:26:35,664 - models.inference - INFO - Model and scaler loaded successfully.
2026-02-18 16:26:35,665 - core.engine - INFO - Scanning file: samples/procexp64.exe
2026-02-18 16:26:36,939 - core.engine - INFO - Scan finished: BENIGN (Score: 0.0)
2026-02-18 16:28:55,639 - models.inference - INFO - Loading model from /home/wachiturro/Música/Shadownet_Defender_Extractor_V2/models/best_model.onnx...
2026-02-18 16:28:55,658 - models.inference - INFO - Loading scaler from /home/wachiturro/Música/Shadownet_Defender_Extractor_V2/models/scaler.pkl...
2026-02-18 16:28:56,194 - models.inference - INFO - Model and scaler loaded successfully.
2026-02-18 16:28:56,195 - core.engine - INFO - Scanning file: samples/procexp64.exe
2026-02-18 16:28:57,651 - core.engine - INFO - Scan finished: BENIGN (Score: 0.0)
2026-02-18 16:43:29,405 - models.inference - INFO - Loading model from /home/wachiturro/Música/Shadownet_Defender_Extractor_V2/models/best_model.onnx...
2026-02-18 16:43:29,430 - models.inference - INFO - Loading scaler from /home/wachiturro/Música/Shadownet_Defender_Extractor_V2/models/scaler.pkl...
2026-02-18 16:43:30,047 - models.inference - INFO - Model and scaler loaded successfully.
2026-02-18 16:43:30,049 - core.engine - INFO - Scanning file: samples/procexp64.exe
2026-02-18 16:43:31,501 - core.engine - INFO - Scan finished: BENIGN (Score: 0.0)
2026-02-18 16:43:42,682 - models.inference - INFO - Loading model from /home/wachiturro/Música/Shadownet_Defender_Extractor_V2/models/best_model.onnx...
2026-02-18 16:43:42,693 - models.inference - INFO - Loading scaler from /home/wachiturro/Música/Shadownet_Defender_Extractor_V2/models/scaler.pkl...
2026-02-18 16:43:43,081 - models.inference - INFO - Model and scaler loaded successfully.
2026-02-18 19:42:05,523 - core.automation.n8n_client - WARNING - n8n connection error: <urlopen error connection refused>
2026-02-18 19:42:05,526 - core.automation.n8n_client - INFO - n8n automation event delivered.
2026-02-18 20:06:34,363 - models.inference - INFO - Loading model from /home/ivainx/Documentos/Shadownet_Defender/models/best_model.onnx...
2026-02-18 20:06:34,378 - models.inference - INFO - Loading scaler from /home/ivainx/Documentos/Shadownet_Defender/models/scaler.pkl...
2026-02-18 20:06:34,647 - models.inference - INFO - Model and scaler loaded successfully.
2026-02-18 20:08:18,943 - models.inference - INFO - Loading model from /home/ivainx/Documentos/Shadownet_Defender/models/best_model.onnx...
2026-02-18 20:08:18,953 - models.inference - INFO - Loading scaler from /home/ivainx/Documentos/Shadownet_Defender/models/scaler.pkl...
2026-02-18 20:08:19,202 - models.inference - INFO - Model and scaler loaded successfully.
2026-02-18 20:10:05,417 - models.inference - INFO - Loading model from /home/ivainx/Documentos/Shadownet_Defender/models/best_model.onnx...
2026-02-18 20:10:05,428 - models.inference - INFO - Loading scaler from /home/ivainx/Documentos/Shadownet_Defender/models/scaler.pkl...
2026-02-18 20:10:05,707 - models.inference - INFO - Model and scaler loaded successfully.
2026-02-18 20:11:11,944 - models.inference - INFO - Loading model from /home/ivainx/Documentos/Shadownet_Defender/models/best_model.onnx...
2026-02-18 20:11:11,953 - models.inference - INFO - Loading scaler from /home/ivainx/Documentos/Shadownet_Defender/models/scaler.pkl...
2026-02-18 20:11:12,208 - models.inference - INFO - Model and scaler loaded successfully.
2026-02-18 20:11:51,115 - core.automation.n8n_client - INFO - n8n automation event delivered.
2026-02-18 20:12:15,264 - core.automation.n8n_client - WARNING - n8n HTTP error 404: {"code":404,"message":"The requested webhook \"shadownet-alert\" is not registered.","hint":"Click the 'Execute workflow' button on the canvas, then try again. (In test mode, the webhook only works for one call after you click this button)"}
2026-02-18 20:14:20,448 - core.automation.n8n_client - INFO - n8n automation event delivered.
2026-02-18 20:15:09,672 - core.automation.n8n_client - WARNING - n8n HTTP error 404: {"code":404,"message":"The requested webhook \"shadownet-alert\" is not registered.","hint":"Click the 'Execute workflow' button on the canvas, then try again. (In test mode, the webhook only works for one call after you click this button)"}
2026-02-18 20:15:33,324 - core.automation.n8n_client - INFO - n8n automation event delivered.
2026-02-18 20:43:49,562 - core.integrations.n8n_client - INFO - [ShadowNet-N8N] Skipped: integration disabled
2026-02-18 20:43:49,603 - core.integrations.n8n_client - INFO - [ShadowNet-N8N] Skipped: integration disabled
2026-02-18 20:43:49,615 - core.integrations.n8n_client - INFO - [ShadowNet-N8N] Skipped: LOW risk in dev environment
2026-02-18 20:43:49,616 - core.integrations.n8n_client - INFO - [ShadowNet-N8N] Sending alert...
2026-02-18 20:43:49,617 - core.integrations.n8n_client - INFO - [ShadowNet-N8N] Success
2026-02-18 20:43:49,618 - core.integrations.n8n_client - INFO - [ShadowNet-N8N] Sending alert...
2026-02-18 20:43:49,619 - core.integrations.n8n_client - WARNING - [ShadowNet-N8N] Failed: connection_error
2026-02-18 20:44:25,528 - core.integrations.n8n_client - WARNING - [ShadowNet-N8N] Failed: connection_error
2026-02-19 13:11:11,790 - models.inference - INFO - Loading model from /home/ivainx/Documentos/Shadownet_Defender/models/best_model.onnx...
2026-02-19 13:11:11,808 - models.inference - INFO - Loading scaler from /home/ivainx/Documentos/Shadownet_Defender/models/scaler.pkl...
2026-02-19 13:11:12,144 - models.inference - INFO - Model and scaler loaded successfully.
2026-02-19 13:11:12,145 - core.engine - INFO - Scanning file: samples/procexp64.exe
2026-02-19 13:11:13,130 - core.engine - INFO - Scan finished: BENIGN (Score: 0.0)
2026-02-19 13:11:26,969 - models.inference - INFO - Loading model from /home/ivainx/Documentos/Shadownet_Defender/models/best_model.onnx...
2026-02-19 13:11:26,976 - models.inference - INFO - Loading scaler from /home/ivainx/Documentos/Shadownet_Defender/models/scaler.pkl...
2026-02-19 13:11:27,216 - models.inference - INFO - Model and scaler loaded successfully.
2026-02-19 13:11:27,217 - core.engine - INFO - Scanning file: samples/procexp64.exe
2026-02-19 13:11:28,212 - core.engine - INFO - Scan finished: BENIGN (Score: 0.0)
2026-02-19 13:12:21,786 - models.inference - INFO - Loading model from /home/ivainx/Documentos/Shadownet_Defender/models/best_model.onnx...
2026-02-19 13:12:21,794 - models.inference - INFO - Loading scaler from /home/ivainx/Documentos/Shadownet_Defender/models/scaler.pkl...
2026-02-19 13:12:22,142 - models.inference - INFO - Model and scaler loaded successfully.
2026-02-19 13:29:46,594 - core.integrations.n8n_client - WARNING - [ShadowNet-N8N] Failed: connection_error
2026-02-19 13:33:41,805 - models.inference - INFO - Loading model from /home/ivainx/Documentos/Shadownet_Defender/models/best_model.onnx...
2026-02-19 13:33:41,826 - models.inference - INFO - Loading scaler from /home/ivainx/Documentos/Shadownet_Defender/models/scaler.pkl...
2026-02-19 13:33:42,233 - models.inference - INFO - Model and scaler loaded successfully.
2026-02-19 13:33:42,234 - core.engine - INFO - Scanning file: samples/procexp64.exe
2026-02-19 13:33:43,248 - core.engine - INFO - Scan finished: BENIGN (Score: 0.0)
2026-02-19 13:36:36,597 - models.inference - INFO - Loading model from /home/ivainx/Documentos/Shadownet_Defender/models/best_model.onnx...
2026-02-19 13:36:36,609 - models.inference - INFO - Loading scaler from /home/ivainx/Documentos/Shadownet_Defender/models/scaler.pkl...
2026-02-19 13:36:37,135 - models.inference - INFO - Model and scaler loaded successfully.
2026-02-19 13:36:37,137 - core.engine - INFO - Scanning file: samples/procexp64.exe
2026-02-19 13:36:38,154 - core.engine - INFO - Scan finished: BENIGN (Score: 0.0)
2026-02-19 13:36:54,873 - models.inference - INFO - Loading model from /home/ivainx/Documentos/Shadownet_Defender/models/best_model.onnx...
2026-02-19 13:36:54,882 - models.inference - INFO - Loading scaler from /home/ivainx/Documentos/Shadownet_Defender/models/scaler.pkl...
2026-02-19 13:36:55,127 - models.inference - INFO - Model and scaler loaded successfully.
2026-02-19 13:36:55,129 - core.engine - INFO - Scanning file: samples/procexp64.exe
2026-02-19 13:36:56,126 - core.engine - INFO - Scan finished: BENIGN (Score: 0.0)
2026-02-19 13:37:21,214 - models.inference - INFO - Loading model from /home/ivainx/Documentos/Shadownet_Defender/models/best_model.onnx...
2026-02-19 13:37:21,222 - models.inference - INFO - Loading scaler from /home/ivainx/Documentos/Shadownet_Defender/models/scaler.pkl...
2026-02-19 13:37:21,464 - models.inference - INFO - Model and scaler loaded successfully.
2026-02-19 13:37:21,465 - core.engine - INFO - Scanning file: samples/procexp64.exe
2026-02-19 13:37:22,481 - core.engine - INFO - Scan finished: BENIGN (Score: 0.0)
2026-02-19 13:45:36,771 - models.inference - INFO - Loading model from /home/ivainx/Documentos/Shadownet_Defender/models/best_model.onnx...
2026-02-19 13:45:36,789 - models.inference - INFO - Loading scaler from /home/ivainx/Documentos/Shadownet_Defender/models/scaler.pkl...
2026-02-19 13:45:37,208 - models.inference - INFO - Model and scaler loaded successfully.
2026-02-19 13:45:37,209 - core.engine - INFO - Scanning file: samples/procexp64.exe
2026-02-19 13:45:38,250 - core.engine - INFO - Scan finished: BENIGN (Score: 0.0)
2026-02-19 13:46:38,748 - models.inference - INFO - Loading model from /home/ivainx/Documentos/Shadownet_Defender/models/best_model.onnx...
2026-02-19 13:46:38,755 - models.inference - INFO - Loading scaler from /home/ivainx/Documentos/Shadownet_Defender/models/scaler.pkl...
2026-02-19 13:46:39,046 - models.inference - INFO - Model and scaler loaded successfully.
2026-02-19 13:51:16,066 - models.inference - INFO - Loading model from /home/ivainx/Documentos/Shadownet_Defender/models/best_model.onnx...
2026-02-19 13:51:16,079 - models.inference - INFO - Loading scaler from /home/ivainx/Documentos/Shadownet_Defender/models/scaler.pkl...
2026-02-19 13:51:16,474 - models.inference - INFO - Model and scaler loaded successfully.
2026-02-19 13:51:16,475 - core.engine - INFO - Scanning file: samples/procexp64.exe
2026-02-19 13:51:17,457 - core.engine - INFO - Scan finished: BENIGN (Score: 0.0)
2026-02-19 13:51:18,585 - models.inference - INFO - Loading model from /home/ivainx/Documentos/Shadownet_Defender/models/best_model.onnx...
2026-02-19 13:51:18,593 - models.inference - INFO - Loading scaler from /home/ivainx/Documentos/Shadownet_Defender/models/scaler.pkl...
2026-02-19 13:51:18,821 - models.inference - INFO - Model and scaler loaded successfully.
2026-02-19 13:51:18,822 - core.engine - INFO - Scanning file: samples/procexp64.exe
2026-02-19 13:51:19,782 - core.engine - INFO - Scan finished: BENIGN (Score: 0.0)
2026-02-19 15:33:30,807 - models.inference - INFO - Loading model from /home/ivainx/Documentos/Shadownet_Defender/models/best_model.onnx...
2026-02-19 15:33:30,828 - models.inference - INFO - Loading scaler from /home/ivainx/Documentos/Shadownet_Defender/models/scaler.pkl...
2026-02-19 15:33:31,552 - models.inference - INFO - Model and scaler loaded successfully.
2026-02-19 15:33:31,554 - core.engine - INFO - Scanning file: samples/procexp64.exe
2026-02-19 15:33:33,059 - core.engine - INFO - Scan finished: BENIGN (Score: 0.0)
2026-02-19 15:35:20,831 - models.inference - INFO - Loading model from /home/ivainx/Documentos/Shadownet_Defender/models/best_model.onnx...
2026-02-19 15:35:20,853 - models.inference - INFO - Loading scaler from /home/ivainx/Documentos/Shadownet_Defender/models/scaler.pkl...
2026-02-19 15:35:21,384 - models.inference - INFO - Model and scaler loaded successfully.
2026-02-19 15:35:21,387 - core.engine - INFO - Scanning file: samples/procexp64.exe
2026-02-19 15:35:22,871 - core.engine - INFO - Scan finished: BENIGN (Score: 0.0)
2026-02-20 12:21:26,099 - models.inference - INFO - Loading model from /home/ivainx/Documentos/Shadownet_Defender/models/best_model.onnx...
2026-02-20 12:21:26,136 - models.inference - INFO - Loading scaler from /home/ivainx/Documentos/Shadownet_Defender/models/scaler.pkl...
2026-02-20 12:21:27,062 - models.inference - INFO - Model and scaler loaded successfully.
2026-02-20 12:21:27,234 - models.inference - INFO - Loading model from /home/ivainx/Documentos/Shadownet_Defender/models/best_model.onnx...
2026-02-20 12:21:27,248 - models.inference - INFO - Loading scaler from /home/ivainx/Documentos/Shadownet_Defender/models/scaler.pkl...
2026-02-20 12:21:27,251 - models.inference - INFO - Model and scaler loaded successfully.
2026-02-20 12:52:39,697 - core.integrations.n8n_client - WARNING - [ShadowNet-N8N] Failed: connection_error
2026-02-20 12:54:03,500 - models.inference - INFO - Loading model from /home/ivainx/Documentos/Shadownet_Defender/models/best_model.onnx...
2026-02-20 12:54:03,526 - models.inference - INFO - Loading scaler from /home/ivainx/Documentos/Shadownet_Defender/models/scaler.pkl...
2026-02-20 12:54:04,344 - models.inference - INFO - Model and scaler loaded successfully.
2026-02-20 12:55:15,792 - models.inference - INFO - Loading model from /home/ivainx/Documentos/Shadownet_Defender/models/best_model.onnx...
2026-02-20 12:55:15,813 - models.inference - INFO - Loading scaler from /home/ivainx/Documentos/Shadownet_Defender/models/scaler.pkl...
2026-02-20 12:55:16,637 - models.inference - INFO - Model and scaler loaded successfully.
2026-02-20 12:56:00,757 - models.inference - INFO - Loading model from /home/ivainx/Documentos/Shadownet_Defender/models/best_model.onnx...
2026-02-20 12:56:00,778 - models.inference - INFO - Loading scaler from /home/ivainx/Documentos/Shadownet_Defender/models/scaler.pkl...
2026-02-20 12:56:01,538 - models.inference - INFO - Model and scaler loaded successfully.
2026-02-20 12:56:57,522 - models.inference - INFO - Loading model from /home/ivainx/Documentos/Shadownet_Defender/models/best_model.onnx...
2026-02-20 12:56:57,535 - models.inference - INFO - Loading scaler from /home/ivainx/Documentos/Shadownet_Defender/models/scaler.pkl...
2026-02-20 12:56:58,269 - models.inference - INFO - Model and scaler loaded successfully.
2026-02-20 13:57:37,703 - core.integrations.n8n_client - WARNING - [ShadowNet-N8N] Failed: connection_error
2026-02-20 14:05:05,321 - core.integrations.n8n_client - WARNING - [ShadowNet-N8N] Failed: connection_error
2026-02-20 14:05:27,637 - core.integrations.n8n_client - WARNING - [ShadowNet-N8N] Failed: connection_error
2026-02-20 14:05:42,840 - models.inference - INFO - Loading model from /home/ivainx/Documentos/Shadownet_Defender/models/best_model.onnx...
2026-02-20 14:05:42,858 - models.inference - INFO - Loading scaler from /home/ivainx/Documentos/Shadownet_Defender/models/scaler.pkl...
2026-02-20 14:05:43,670 - models.inference - INFO - Model and scaler loaded successfully.
2026-02-20 14:10:09,039 - core.integrations.n8n_client - WARNING - [ShadowNet-N8N] Failed: connection_error
2026-02-26 10:42:35,957 - core.integrations.n8n_client - WARNING - [ShadowNet-N8N] Failed: connection_error
2026-02-26 10:48:22,387 - models.inference - INFO - Loading model from /home/ivainx/Documentos/Shadownet_Defender/models/best_model.onnx...
2026-02-26 10:48:22,398 - models.inference - INFO - Loading model from /home/ivainx/Documentos/Shadownet_Defender/models/best_model.onnx...
2026-02-26 10:48:22,421 - models.inference - INFO - Loading scaler from /home/ivainx/Documentos/Shadownet_Defender/models/scaler.pkl...
2026-02-26 10:48:22,420 - models.inference - INFO - Loading scaler from /home/ivainx/Documentos/Shadownet_Defender/models/scaler.pkl...
2026-02-26 10:48:23,196 - models.inference - INFO - Model and scaler loaded successfully.
2026-02-26 10:48:23,227 - models.inference - INFO - Model and scaler loaded successfully.
2026-02-26 10:48:23,694 - core.integrations.n8n_client - WARNING - [ShadowNet-N8N] Failed: connection_error
2026-02-26 10:49:02,634 - models.inference - INFO - Loading model from /home/ivainx/Documentos/Shadownet_Defender/models/best_model.onnx...
2026-02-26 10:49:02,643 - models.inference - INFO - Loading scaler from /home/ivainx/Documentos/Shadownet_Defender/models/scaler.pkl...
2026-02-26 10:49:03,133 - models.inference - INFO - Model and scaler loaded successfully.
2026-02-26 10:50:26,081 - models.inference - INFO - Loading model from /home/ivainx/Documentos/Shadownet_Defender/models/best_model.onnx...
2026-02-26 10:50:26,093 - models.inference - INFO - Loading scaler from /home/ivainx/Documentos/Shadownet_Defender/models/scaler.pkl...
2026-02-26 10:50:26,758 - models.inference - INFO - Model and scaler loaded successfully.
2026-02-26 10:50:32,998 - models.inference - INFO - Loading model from /home/ivainx/Documentos/Shadownet_Defender/models/best_model.onnx...
2026-02-26 10:50:33,008 - models.inference - INFO - Loading scaler from /home/ivainx/Documentos/Shadownet_Defender/models/scaler.pkl...
2026-02-26 10:50:33,460 - models.inference - INFO - Model and scaler loaded successfully.
2026-02-26 11:18:36,633 - core.integrations.n8n_client - WARNING - [ShadowNet-N8N] Failed: connection_error
2026-02-26 11:30:24,082 - models.inference - INFO - Loading model from /home/ivainx/Documentos/Shadownet_Defender/models/best_model.onnx...
2026-02-26 11:30:24,099 - models.inference - INFO - Loading scaler from /home/ivainx/Documentos/Shadownet_Defender/models/scaler.pkl...
2026-02-26 11:30:24,525 - models.inference - INFO - Model and scaler loaded successfully.
2026-02-26 11:30:24,526 - core.engine - INFO - Scanning file: samples/procexp64.exe
2026-02-26 11:30:25,539 - core.engine - INFO - Scan finished: BENIGN (Score: 0.0)
2026-02-26 11:31:39,552 - core.integrations.n8n_client - WARNING - [ShadowNet-N8N] Failed: connection_error
2026-02-26 11:38:26,252 - models.inference - INFO - Loading model from /home/ivainx/Documentos/Shadownet_Defender/models/best_model.onnx...
2026-02-26 11:38:26,276 - models.inference - INFO - Loading scaler from /home/ivainx/Documentos/Shadownet_Defender/models/scaler.pkl...
2026-02-26 11:38:26,997 - models.inference - INFO - Model and scaler loaded successfully.
2026-02-26 11:38:26,998 - core.engine - INFO - Scanning file: samples/procexp64.exe
2026-02-26 11:38:27,816 - core.engine - INFO - Scan finished: BENIGN (Score: 0.0)
2026-02-26 11:39:19,779 - models.inference - INFO - Loading model from /home/ivainx/Documentos/Shadownet_Defender/models/best_model.onnx...
2026-02-26 11:39:19,801 - models.inference - INFO - Loading scaler from /home/ivainx/Documentos/Shadownet_Defender/models/scaler.pkl...
2026-02-26 11:39:20,682 - models.inference - INFO - Model and scaler loaded successfully.
2026-02-26 11:39:20,683 - core.engine - INFO - Scanning file: samples/eicar_test.txt
2026-02-26 11:39:20,734 - core.engine - WARNING - Non-PE file skipped: samples/eicar_test.txt
2026-02-26 11:39:20,735 - core.engine - INFO - Scan finished: NOT_PE (Score: -1.0)
2026-02-26 11:40:52,202 - models.inference - INFO - Loading model from /home/ivainx/Documentos/Shadownet_Defender/models/best_model.onnx...
2026-02-26 11:40:52,227 - models.inference - INFO - Loading scaler from /home/ivainx/Documentos/Shadownet_Defender/models/scaler.pkl...
2026-02-26 11:40:52,705 - models.inference - INFO - Model and scaler loaded successfully.
2026-02-26 11:40:52,707 - core.engine - INFO - Scanning file: samples/procexp64.exe
2026-02-26 11:40:53,743 - core.engine - INFO - Scan finished: BENIGN (Score: 0.0)
2026-02-26 11:43:16,029 - core.integrations.n8n_client - WARNING - [ShadowNet-N8N] Failed: connection_error
2026-02-26 11:44:01,986 - models.inference - INFO - Loading model from /home/ivainx/Documentos/Shadownet_Defender/models/best_model.onnx...
2026-02-26 11:44:02,094 - models.inference - INFO - Loading scaler from /home/ivainx/Documentos/Shadownet_Defender/models/scaler.pkl...
2026-02-26 11:44:03,392 - models.inference - INFO - Model and scaler loaded successfully.
2026-02-26 11:44:03,394 - core.engine - INFO - Scanning file: samples/procexp64.exe
2026-02-26 11:44:04,948 - core.engine - INFO - Scan finished: BENIGN (Score: 0.0)
2026-02-26 11:44:26,612 - models.inference - INFO - Loading model from /home/ivainx/Documentos/Shadownet_Defender/models/best_model.onnx...
2026-02-26 11:44:26,628 - models.inference - INFO - Loading scaler from /home/ivainx/Documentos/Shadownet_Defender/models/scaler.pkl...
2026-02-26 11:44:27,233 - models.inference - INFO - Model and scaler loaded successfully.
2026-02-26 11:44:27,234 - core.engine - INFO - Scanning file: samples/procexp64.exe
2026-02-26 11:44:28,360 - core.engine - INFO - Scan finished: BENIGN (Score: 0.0)
2026-02-26 12:03:54,710 - core.integrations.n8n_client - WARNING - [ShadowNet-N8N] Failed: connection_error
2026-02-26 12:06:20,520 - models.inference - INFO - Loading model from /home/ivainx/Documentos/Shadownet_Defender/models/best_model.onnx...
2026-02-26 12:06:20,540 - models.inference - INFO - Loading scaler from /home/ivainx/Documentos/Shadownet_Defender/models/scaler.pkl...
2026-02-26 12:06:21,203 - models.inference - INFO - Model and scaler loaded successfully.
2026-02-26 12:06:21,203 - core.engine - INFO - Scanning file: samples/procexp64.exe
2026-02-26 12:06:22,006 - core.engine - INFO - Scan finished: BENIGN (Score: 0.0)
2026-02-26 12:06:46,257 - models.inference - INFO - Loading model from /home/ivainx/Documentos/Shadownet_Defender/models/best_model.onnx...
2026-02-26 12:06:46,267 - models.inference - INFO - Loading scaler from /home/ivainx/Documentos/Shadownet_Defender/models/scaler.pkl...
2026-02-26 12:06:46,707 - models.inference - INFO - Model and scaler loaded successfully.
2026-02-26 12:06:46,707 - core.engine - INFO - Scanning file: samples/procexp64.exe
2026-02-26 12:06:47,513 - core.engine - INFO - Scan finished: BENIGN (Score: 0.0)
2026-02-26 12:12:54,062 - models.inference - INFO - Loading model from /home/ivainx/Documentos/Shadownet_Defender/models/best_model.onnx...
2026-02-26 12:12:54,080 - models.inference - INFO - Loading scaler from /home/ivainx/Documentos/Shadownet_Defender/models/scaler.pkl...
2026-02-26 12:12:54,752 - models.inference - INFO - Model and scaler loaded successfully.
2026-02-26 12:12:54,753 - core.engine - INFO - Scanning file: samples/procexp64.exe
2026-02-26 12:12:55,520 - core.engine - INFO - Scan finished: BENIGN (Score: 0.0)
2026-02-26 12:14:04,092 - models.inference - INFO - Loading model from /home/ivainx/Documentos/Shadownet_Defender/models/best_model.onnx...
2026-02-26 12:14:04,110 - models.inference - INFO - Loading scaler from /home/ivainx/Documentos/Shadownet_Defender/models/scaler.pkl...
2026-02-26 12:14:04,791 - models.inference - INFO - Model and scaler loaded successfully.
2026-02-26 12:14:04,792 - core.engine - INFO - Scanning file: samples/procexp64.exe
2026-02-26 12:14:05,619 - core.engine - INFO - Scan finished: BENIGN (Score: 0.0)
2026-02-26 12:16:59,619 - models.inference - INFO - Loading model from /home/ivainx/Documentos/Shadownet_Defender/models/best_model.onnx...
2026-02-26 12:16:59,643 - models.inference - INFO - Loading scaler from /home/ivainx/Documentos/Shadownet_Defender/models/scaler.pkl...
2026-02-26 12:17:00,360 - models.inference - INFO - Model and scaler loaded successfully.
2026-02-26 12:17:00,361 - core.engine - INFO - Scanning file: samples/procexp64.exe
2026-02-26 12:17:01,149 - core.engine - INFO - Scan finished: BENIGN (Score: 0.0)
2026-02-26 12:19:37,720 - core.integrations.n8n_client - WARNING - [ShadowNet-N8N] Failed: connection_error
2026-02-26 12:20:49,987 - core.integrations.n8n_client - WARNING - [ShadowNet-N8N] Failed: connection_error
